2025-01-15 00:15:01 [error]: Error occurred: ReferenceError: employee_uuid is not defined
2025-01-15 00:15:09 [error]: Error occurred: ReferenceError: employee_uuid is not defined
2025-01-15 00:15:14 [error]: Error occurred: ReferenceError: employee_uuid is not defined
2025-01-15 00:24:28 [error]: Error occurred: Error: update `employees` set `name` = 'TEst-12', `age` = 534, `department` = '4', `position` = 'fdgdfgdf', `contact_email` = 'gdfg@gmail.com', `phone_number` = '15345345345', `employee_uuid` = '4a0ef74f-40c4-45a3-a433-74ba54a0fcb6', `status` = 1, `updated_at` = '2025-01-14 18:54:28' where `uuid` = '4a0ef74f-40c4-45a3-a433-74ba54a0fcb6' - ER_BAD_FIELD_ERROR: Unknown column 'employee_uuid' in 'field list'
2025-01-15 07:10:15 [error]: Error occurred: Error: update `employees` set `name` = 'Test-1', `age` = 534, `department` = '4', `position` = 'fdgdfgdf', `contact_email` = 'gdfg@gmail.com', `phone_number` = '15345345345', `employee_uuid` = '4a0ef74f-40c4-45a3-a433-74ba54a0fcb6', `status` = 1, `updated_at` = '2025-01-15 01:40:15' where `uuid` = '4a0ef74f-40c4-45a3-a433-74ba54a0fcb6' - ER_BAD_FIELD_ERROR: Unknown column 'employee_uuid' in 'field list'
2025-01-15 08:02:25 [error]: Error occurred: Error: Undefined binding(s) detected when compiling UPDATE. Undefined column(s): [uuid] query: update `employees` set `is_deleted` = ?, `deleted_date` = ? where `uuid` = ?
2025-01-15 08:03:55 [error]: Error occurred: TypeError: Cannot read properties of undefined (reading 'user_id')
2025-01-15 08:04:57 [error]: Error occurred: Error: Undefined binding(s) detected when compiling UPDATE. Undefined column(s): [uuid] query: update `employees` set `is_deleted` = ?, `deleted_date` = ? where `uuid` = ?
2025-01-15 08:05:58 [error]: Error occurred: Error: update `employees` set `is_deleted` = 1, `deleted_by` = 0, `deleted_date` = '2025-01-15 02:35:58' where `uuid` = '4a0ef74f-40c4-45a3-a433-74ba54a0fcb6' - ER_BAD_FIELD_ERROR: Unknown column 'deleted_date' in 'field list'
2025-01-15 08:16:31 [error]: Error occurred: Error: select `message`, `device_name`, `device_os`, `os_version`, `created_date` from `whp_user_logs` order by `id` desc - ER_NO_SUCH_TABLE: Table 'employee_central.whp_user_logs' doesn't exist
2025-01-15 08:19:01 [error]: Error occurred: Error: select * from `tracking_table` order by `id` desc - ER_BAD_FIELD_ERROR: Unknown column 'id' in 'order clause'
2025-01-15 08:19:04 [error]: Error occurred: Error: select * from `tracking_table` order by `id` desc - ER_BAD_FIELD_ERROR: Unknown column 'id' in 'order clause'
2025-01-15 08:19:05 [error]: Error occurred: Error: select * from `tracking_table` order by `id` desc - ER_BAD_FIELD_ERROR: Unknown column 'id' in 'order clause'
2025-01-15 08:19:16 [error]: Error occurred: Error: select * from `tracking_table` order by `id` desc - ER_BAD_FIELD_ERROR: Unknown column 'id' in 'order clause'
2025-01-15 08:19:18 [error]: Error occurred: Error: select * from `tracking_table` order by `id` desc - ER_BAD_FIELD_ERROR: Unknown column 'id' in 'order clause'
2025-01-15 08:19:20 [error]: Error occurred: Error: select * from `tracking_table` order by `id` desc - ER_BAD_FIELD_ERROR: Unknown column 'id' in 'order clause'
2025-01-15 08:19:23 [error]: Error occurred: Error: select * from `tracking_table` order by `id` desc - ER_BAD_FIELD_ERROR: Unknown column 'id' in 'order clause'
2025-01-15 08:19:26 [error]: Error occurred: Error: select * from `tracking_table` order by `id` desc - ER_BAD_FIELD_ERROR: Unknown column 'id' in 'order clause'
2025-01-15 08:19:40 [error]: Error occurred: Error: select * from `tracking_table` order by `id` desc - ER_BAD_FIELD_ERROR: Unknown column 'id' in 'order clause'
2025-01-15 08:19:43 [error]: Error occurred: Error: select * from `tracking_table` order by `id` desc - ER_BAD_FIELD_ERROR: Unknown column 'id' in 'order clause'
2025-01-15 08:20:44 [error]: Error occurred: Error: select * from `tracking_table` order by `id` desc - ER_BAD_FIELD_ERROR: Unknown column 'id' in 'order clause'
2025-01-15 08:20:51 [error]: Error occurred: Error: select * from `tracking_table` order by `id` desc - ER_BAD_FIELD_ERROR: Unknown column 'id' in 'order clause'
2025-01-15 08:20:54 [error]: Error occurred: Error: select * from `tracking_table` order by `id` desc - ER_BAD_FIELD_ERROR: Unknown column 'id' in 'order clause'
2025-01-15 08:20:59 [error]: Error occurred: Error: select * from `tracking_table` order by `id` desc - ER_BAD_FIELD_ERROR: Unknown column 'id' in 'order clause'
2025-01-15 08:21:04 [error]: Error occurred: Error: select * from `tracking_table` order by `id` desc - ER_BAD_FIELD_ERROR: Unknown column 'id' in 'order clause'
2025-01-15 08:21:11 [error]: Error occurred: Error: select * from `tracking_table` order by `id` desc - ER_BAD_FIELD_ERROR: Unknown column 'id' in 'order clause'
2025-01-15 08:21:34 [error]: Error occurred: Error: select * from `tracking_table` order by `id` desc - ER_BAD_FIELD_ERROR: Unknown column 'id' in 'order clause'
2025-01-15 08:21:44 [error]: Error occurred: Error: select * from `tracking_table` order by `id` desc - ER_BAD_FIELD_ERROR: Unknown column 'id' in 'order clause'
2025-01-15 08:22:12 [error]: Error occurred: Error: select * from `tracking_table` order by `id` desc - ER_BAD_FIELD_ERROR: Unknown column 'id' in 'order clause'
2025-01-15 08:22:17 [error]: Error occurred: Error: select * from `tracking_table` order by `id` desc - ER_BAD_FIELD_ERROR: Unknown column 'id' in 'order clause'
2025-01-15 08:22:20 [error]: Error occurred: Error: select * from `tracking_table` order by `id` desc - ER_BAD_FIELD_ERROR: Unknown column 'id' in 'order clause'
2025-01-15 08:22:24 [error]: Error occurred: Error: select * from `tracking_table` order by `id` desc - ER_BAD_FIELD_ERROR: Unknown column 'id' in 'order clause'
2025-01-15 08:22:27 [error]: Error occurred: Error: select * from `tracking_table` order by `id` desc - ER_BAD_FIELD_ERROR: Unknown column 'id' in 'order clause'
2025-01-15 08:22:30 [error]: Error occurred: Error: select * from `tracking_table` order by `id` desc - ER_BAD_FIELD_ERROR: Unknown column 'id' in 'order clause'
2025-01-15 08:22:37 [error]: Error occurred: Error: select * from `tracking_table` order by `id` desc - ER_BAD_FIELD_ERROR: Unknown column 'id' in 'order clause'
2025-01-15 08:22:55 [error]: Error occurred: Error: select * from `tracking_table` order by `id` desc - ER_BAD_FIELD_ERROR: Unknown column 'id' in 'order clause'
2025-01-15 08:23:00 [error]: Error occurred: Error: select * from `tracking_table` order by `id` desc - ER_BAD_FIELD_ERROR: Unknown column 'id' in 'order clause'
2025-01-15 08:23:20 [error]: Error occurred: Error: select * from `tracking_table` order by `id` desc - ER_BAD_FIELD_ERROR: Unknown column 'id' in 'order clause'
2025-01-15 08:23:22 [error]: Error occurred: Error: select * from `tracking_table` order by `id` desc - ER_BAD_FIELD_ERROR: Unknown column 'id' in 'order clause'
2025-01-15 08:23:29 [error]: Error occurred: Error: select * from `tracking_table` order by `id` desc - ER_BAD_FIELD_ERROR: Unknown column 'id' in 'order clause'
2025-01-15 08:23:38 [error]: Error occurred: Error: select * from `tracking_table` order by `id` desc - ER_BAD_FIELD_ERROR: Unknown column 'id' in 'order clause'
2025-01-15 08:23:40 [error]: Error occurred: Error: select * from `tracking_table` order by `id` desc - ER_BAD_FIELD_ERROR: Unknown column 'id' in 'order clause'
2025-01-15 08:23:44 [error]: Error occurred: Error: select * from `tracking_table` order by `id` desc - ER_BAD_FIELD_ERROR: Unknown column 'id' in 'order clause'
2025-01-15 08:23:48 [error]: Error occurred: Error: select * from `tracking_table` order by `id` desc - ER_BAD_FIELD_ERROR: Unknown column 'id' in 'order clause'
2025-01-15 08:23:51 [error]: Error occurred: Error: select * from `tracking_table` order by `id` desc - ER_BAD_FIELD_ERROR: Unknown column 'id' in 'order clause'
2025-01-15 08:24:04 [error]: Error occurred: Error: select * from `tracking_table` order by `id` desc - ER_BAD_FIELD_ERROR: Unknown column 'id' in 'order clause'
2025-01-15 08:24:09 [error]: Error occurred: Error: select * from `tracking_table` order by `id` desc - ER_BAD_FIELD_ERROR: Unknown column 'id' in 'order clause'
2025-01-15 12:11:51 [error]: Error occurred: Error: select * from `log_table` order by `track_id` desc limit 50 - ER_BAD_FIELD_ERROR: Unknown column 'track_id' in 'order clause'
2025-01-15 12:12:38 [error]: Error occurred: Error: select * from `log_table` order by `track_id` desc limit 50 - ER_BAD_FIELD_ERROR: Unknown column 'track_id' in 'order clause'
2025-01-15 12:13:12 [error]: Error occurred: Error: select * from `log_table` order by `track_id` desc limit 50 - ER_BAD_FIELD_ERROR: Unknown column 'track_id' in 'order clause'
2025-01-15 12:13:19 [error]: Error occurred: Error: select * from `log_table` order by `track_id` desc limit 50 - ER_BAD_FIELD_ERROR: Unknown column 'track_id' in 'order clause'
2025-01-15 12:13:57 [error]: Error occurred: Error: select * from `log_table` order by `track_id` desc limit 50 - ER_BAD_FIELD_ERROR: Unknown column 'track_id' in 'order clause'
2025-01-15 12:14:05 [error]: Error occurred: Error: select * from `log_table` order by `track_id` desc limit 50 - ER_BAD_FIELD_ERROR: Unknown column 'track_id' in 'order clause'
2025-01-15 12:14:18 [error]: Error occurred: Error: select * from `log_table` order by `track_id` desc limit 50 - ER_BAD_FIELD_ERROR: Unknown column 'track_id' in 'order clause'
2025-01-15 12:14:23 [error]: Error occurred: Error: select * from `log_table` order by `track_id` desc limit 50 - ER_BAD_FIELD_ERROR: Unknown column 'track_id' in 'order clause'
2025-01-15 20:14:13 [error]: Error occurred: Error: connect ETIMEDOUT
2025-01-15 20:14:30 [error]: Error occurred: Error: connect ETIMEDOUT
